Exporter version: 2.93.4, Blender version: 2.93.4
========= Conversion from Blender to Babylon.js =========
	Scene settings used :
		Inline textures     :  false
		Material Type       :  PBR
		Positions Precision :  4
		Normals Precision   :  3
		UVs Precision       :  3
		Vert Color Precision:  3
		Mat Weight Precision:  2
		Keep Z-up r-handed  :  no
		Texture directory   :  /var/www/html/babylonjs/babylonjs/public_html/babjs-template/assets/
	Python World class constructor completed
	processing begun of camera (UniversalCamera):  Camera.004
	processing begun of node:  Empty.004
	processing begun of mesh:  Cube.004
		processing begun of material:  Material
		num positions      :  15195
		num normals        :  15195
		num tangents       :  0
		num uvs            :  30390
		num uvs2           :  0
		num colors         :  0
		num triangles      :  7224
	processing begun of light (POINT):  Point
	processing begun of light (POINT):  Point.001
	processing begun of light (POINT):  Point.002
	processing begun of light (POINT):  Point.003
	processing begun of light (POINT):  Light.004
========= Writing of JSON file started =========
	writing mesh:  Cube.004
========= Writing of JSON file completed =========
========= end of processing =========
elapsed time:  0 min, 0.7708 secs
