Exporter version: 2.93.4, Blender version: 2.93.4
========= Conversion from Blender to Babylon.js =========
	Scene settings used :
		Inline textures     :  false
		Material Type       :  PBR
		Positions Precision :  4
		Normals Precision   :  3
		UVs Precision       :  3
		Vert Color Precision:  3
		Mat Weight Precision:  2
		Keep Z-up r-handed  :  no
		Texture directory   :  /var/www/html/babylonjs/babylonjs/public_html/babjs-template/assets/
	Python World class constructor completed
	WARNING: No active camera has been assigned, or is not in a currently enabled collection
	processing begun of mesh:  Cube
		processing begun of material:  Material
		processing begun of material:  Material.001
		processing begun of multimaterial:  babylon_import5.Multimaterial#0
		num positions      :  831
		num normals        :  831
		num tangents       :  0
		num uvs            :  1662
		num uvs2           :  0
		num colors         :  0
		num triangles      :  458
	processing begun of mesh:  Cube.001
		WARNING: No materials have been assigned: 
		num positions      :  61
		num normals        :  61
		num tangents       :  0
		num uvs            :  122
		num uvs2           :  0
		num colors         :  0
		num triangles      :  28
	processing begun of mesh:  Cube.002
		WARNING: No materials have been assigned: 
		num positions      :  29
		num normals        :  29
		num tangents       :  0
		num uvs            :  58
		num uvs2           :  0
		num colors         :  0
		num triangles      :  12
	processing begun of mesh:  Cube.003
		WARNING: No materials have been assigned: 
		num positions      :  29
		num normals        :  29
		num tangents       :  0
		num uvs            :  58
		num uvs2           :  0
		num colors         :  0
		num triangles      :  12
========= Writing of JSON file started =========
	writing mesh:  Cube
	writing mesh:  Cube.001
	writing mesh:  Cube.002
	writing mesh:  Cube.003
========= Writing of JSON file completed =========
========= end of processing =========
elapsed time:  0 min, 0.0315 secs
