Exporter version: 2.93.4, Blender version: 2.93.4
========= Conversion from Blender to Babylon.js =========
	Scene settings used :
		Inline textures     :  false
		Material Type       :  PBR
		Positions Precision :  4
		Normals Precision   :  3
		UVs Precision       :  3
		Vert Color Precision:  3
		Mat Weight Precision:  2
		Keep Z-up r-handed  :  no
		Texture directory   :  /var/www/html/babylonjs/babylonjs/public_html/babjs-template/assets/
	Python World class constructor completed
	processing begun of camera (UniversalCamera):  Camera.003
	processing begun of node:  Empty.003
	processing begun of mesh:  Cube.006
		processing begun of material:  Material
		num positions      :  12603
		num normals        :  12603
		num tangents       :  0
		num uvs            :  25206
		num uvs2           :  0
		num colors         :  0
		num triangles      :  6197
	processing begun of mesh:  Cube.008
		WARNING: No materials have been assigned: 
		num positions      :  2405
		num normals        :  2405
		num tangents       :  0
		num uvs            :  4810
		num uvs2           :  0
		num colors         :  0
		num triangles      :  880
	processing begun of mesh:  Plane.001
		WARNING: No materials have been assigned: 
		num positions      :  235
		num normals        :  235
		num tangents       :  0
		num uvs            :  470
		num uvs2           :  0
		num colors         :  0
		num triangles      :  96
	processing begun of mesh:  Cylinder.001
		WARNING: No materials have been assigned: 
		num positions      :  173
		num normals        :  173
		num tangents       :  0
		num uvs            :  346
		num uvs2           :  0
		num colors         :  0
		num triangles      :  68
	processing begun of mesh:  Cube.012
		WARNING: No materials have been assigned: 
		num positions      :  29
		num normals        :  29
		num tangents       :  0
		num uvs            :  58
		num uvs2           :  0
		num colors         :  0
		num triangles      :  12
	processing begun of mesh:  Cylinder
		WARNING: No materials have been assigned: 
		num positions      :  493
		num normals        :  493
		num tangents       :  0
		num uvs            :  986
		num uvs2           :  0
		num colors         :  0
		num triangles      :  196
		WARNING: # of 0 area faces found:  40
	processing begun of mesh:  Cube.013
		WARNING: No materials have been assigned: 
		num positions      :  248
		num normals        :  248
		num tangents       :  0
		num uvs            :  496
		num uvs2           :  0
		num colors         :  0
		num triangles      :  108
	processing begun of mesh:  Cube.015
		WARNING: No materials have been assigned: 
		num positions      :  248
		num normals        :  248
		num tangents       :  0
		num uvs            :  496
		num uvs2           :  0
		num colors         :  0
		num triangles      :  108
	processing begun of mesh:  Cube.016
		WARNING: No materials have been assigned: 
		num positions      :  248
		num normals        :  248
		num tangents       :  0
		num uvs            :  496
		num uvs2           :  0
		num colors         :  0
		num triangles      :  108
	processing begun of light (POINT):  Light.003
========= Writing of JSON file started =========
	writing mesh:  Cube.006
	writing mesh:  Cube.008
	writing mesh:  Plane.001
	writing mesh:  Cylinder.001
	writing mesh:  Cube.012
	writing mesh:  Cylinder
	writing mesh:  Cube.013
	writing mesh:  Cube.015
	writing mesh:  Cube.016
========= Writing of JSON file completed =========
========= end of processing =========
elapsed time:  0 min, 0.4573 secs
