Exporter version: 2.93.4, Blender version: 2.93.4
========= Conversion from Blender to Babylon.js =========
	Scene settings used :
		Inline textures     :  false
		Material Type       :  PBR
		Positions Precision :  4
		Normals Precision   :  3
		UVs Precision       :  3
		Vert Color Precision:  3
		Mat Weight Precision:  2
		Keep Z-up r-handed  :  no
		Texture directory   :  /var/www/html/babylonjs/babylonjs/public_html/babjs-template/assets/
	Python World class constructor completed
	processing begun of mesh:  Cube.015
		processing begun of material:  Material.001
			processing texture bc_tex
				texture type:  diffuseTexture, mapped using: "UVMap"
		num positions      :  1488
		num normals        :  1488
		num tangents       :  0
		num uvs            :  2976
		num uvs2           :  0
		num colors         :  0
		num triangles      :  979
	processing begun of mesh:  Cube.017
		processing begun of material:  Material.003
			processing texture pompei_tex
				texture type:  diffuseTexture, mapped using: "UVMap"
		num positions      :  3241
		num normals        :  3241
		num tangents       :  0
		num uvs            :  6482
		num uvs2           :  0
		num colors         :  0
		num triangles      :  1871
	processing begun of mesh:  Cube.018
		processing begun of material:  Material.004
			processing texture can_tex
				texture type:  diffuseTexture, mapped using: "UVMap"
		num positions      :  1433
		num normals        :  1433
		num tangents       :  0
		num uvs            :  2866
		num uvs2           :  0
		num colors         :  0
		num triangles      :  912
	processing begun of camera (UniversalCamera):  Camera.008
	processing begun of node:  Empty.008
	processing begun of mesh:  Cube.016
		processing begun of material:  Material
			processing texture light_map_3
				texture type:  diffuseTexture, mapped using: "UVMap"
		num positions      :  15107
		num normals        :  15107
		num tangents       :  0
		num uvs            :  30214
		num uvs2           :  0
		num colors         :  0
		num triangles      :  7188
	processing begun of light (POINT):  Point.008
	processing begun of light (POINT):  Point.009
	processing begun of light (POINT):  Point.010
	processing begun of light (POINT):  Point.011
	processing begun of light (POINT):  Light.008
========= Writing of JSON file started =========
	writing mesh:  Cube.015
	writing mesh:  Cube.017
	writing mesh:  Cube.018
	writing mesh:  Cube.016
========= Writing of JSON file completed =========
========= end of processing =========
elapsed time:  0 min, 0.6108 secs
