Exporter version: 2.93.4, Blender version: 2.93.4
========= Conversion from Blender to Babylon.js =========
	Scene settings used :
		Inline textures     :  false
		Material Type       :  PBR
		Positions Precision :  4
		Normals Precision   :  3
		UVs Precision       :  3
		Vert Color Precision:  3
		Mat Weight Precision:  2
		Keep Z-up r-handed  :  no
		Texture directory   :  /var/www/html/babylonjs/babylonjs/public_html/babjs-template/assets/
	Python World class constructor completed
	processing begun of camera (UniversalCamera):  Camera.001
	processing begun of mesh:  Sphere.001
		processing begun of material:  Material.001
		num positions      :  6099
		num normals        :  6099
		num tangents       :  0
		num uvs            :  12198
		num uvs2           :  0
		num colors         :  0
		num triangles      :  8664
	processing begun of mesh:  Sphere.002
		WARNING: No materials have been assigned: 
		num positions      :  8313
		num normals        :  8313
		num tangents       :  0
		num uvs            :  16626
		num uvs2           :  0
		num colors         :  0
		num triangles      :  3104
	processing begun of light (POINT):  Light.001
========= Writing of JSON file started =========
	writing mesh:  Sphere.001
	writing mesh:  Sphere.002
========= Writing of JSON file completed =========
========= end of processing =========
elapsed time:  0 min, 0.6392 secs
